▮▮▮▮ installing rust 1.94.0
▮▮▮▮ root:ci-standalone-e2e (ae3316c8)

running 6 tests
test standalone_engine_marks_job_as_failed_when_task_fails ... ok
test standalone_engine_marks_parallel_job_as_failed_when_subtask_fails ... ok
test standalone_engine_retries_failed_task ... ok
test standalone_engine_completes_parallel_job_naturally ... ok
test standalone_engine_completes_job_naturally ... ok
test standalone_engine_completes_each_job_naturally ... ok

test result: ok. 6 passed; 0 failed; 0 ignored; 0 measured; 0 filtered out; finished in 0.34s

▮▮▮▮ root:ci-standalone-e2e (2s 279ms, ae3316c8)

Tasks: 1 completed
 Time: 40s 37ms

▮▮▮▮ installing rust 1.94.0
▮▮▮▮ root:docker-check (30639fc2)
▮▮▮▮ root:docker-check (65ms, 30639fc2)
▮▮▮▮ root:ci-distributed-e2e (92939d5e)

root:ci-distributed-e2e | running 25 tests
root:ci-distributed-e2e | test distributed_complex_pipeline_completes ... ok
root:ci-distributed-e2e | test distributed_concurrent_job_submissions_all_complete ... ok
root:ci-distributed-e2e | test distributed_conditional_task_skips_when_false ... ok
root:ci-distributed-e2e | test distributed_each_task_completes ... ok
root:ci-distributed-e2e | test distributed_each_task_fails_when_item_fails ... ok
▮▮▮▮ root:ci-distributed-e2e (running for 30s)
root:ci-distributed-e2e | test distributed_each_task_with_numeric_list ... ok
root:ci-distributed-e2e | test distributed_get_job_by_id_returns_consistent_data ... ok
root:ci-distributed-e2e | test distributed_get_nonexistent_job_returns_404 ... ok
root:ci-distributed-e2e | test distributed_health_endpoint_returns_ok ... ok
root:ci-distributed-e2e | test distributed_health_response_includes_version ... ok
▮▮▮▮ root:ci-distributed-e2e (running for 60s)
root:ci-distributed-e2e | test distributed_http_job_completes_with_real_postgres_rabbitmq_and_shell_runtime ... ok
root:ci-distributed-e2e | test distributed_job_captures_task_output_as_var ... ok
root:ci-distributed-e2e | test distributed_job_fails_when_task_exits_nonzero ... ok
root:ci-distributed-e2e | test distributed_job_with_env_vars ... ok
root:ci-distributed-e2e | test distributed_job_with_inputs_completes ... ok
▮▮▮▮ root:ci-distributed-e2e (running for 90s)
root:ci-distributed-e2e | test distributed_job_with_tags_completes ... ok
root:ci-distributed-e2e | test distributed_list_jobs_returns_submitted_jobs ... ok
root:ci-distributed-e2e | test distributed_multi_task_sequential_job_completes ... ok
root:ci-distributed-e2e | test distributed_parallel_task_completes ... ok
root:ci-distributed-e2e | test distributed_parallel_task_fails_when_child_fails ... ok
▮▮▮▮ root:ci-distributed-e2e (running for 120s)
root:ci-distributed-e2e | test distributed_subjob_task_completes ... ok
root:ci-distributed-e2e | test distributed_submit_invalid_json_returns_400 ... ok
root:ci-distributed-e2e | test distributed_submit_job_via_yaml ... ok
root:ci-distributed-e2e | test distributed_submit_job_with_empty_tasks_returns_400 ... ok
root:ci-distributed-e2e | test distributed_submit_job_without_tasks_returns_400 ... ok

root:ci-distributed-e2e | test result: ok. 25 passed; 0 failed; 0 ignored; 0 measured; 0 filtered out; finished in 145.77s

▮▮▮▮ root:ci-distributed-e2e (2m 25s 954ms, 92939d5e)

Tasks: 2 completed
 Time: 3m 11ms
