    Finished `dev` profile [unoptimized + debuginfo] target(s) in 0.21s
warning: unexpected `cfg` condition name: `kani`
   --> crates/twerk-core/src/domain/webhook_url/tests.rs:312:11
    |
312 |     #[cfg(kani)]
    |           ^^^^
    |
    = help: expected names are: `docsrs`, `feature`, and `test` and 31 more
    = help: consider using a Cargo feature instead
    = help: or consider adding in `Cargo.toml` the `check-cfg` lint config for the lint:
             [lints.rust]
             unexpected_cfgs = { level = "warn", check-cfg = ['cfg(kani)'] }
    = help: or consider adding `println!("cargo::rustc-check-cfg=cfg(kani)");` to the top of the `build.rs`
    = note: see <https://doc.rust-lang.org/nightly/rustc/check-cfg/cargo-specifics.html> for more information about checking conditional configuration
    = note: `#[warn(unexpected_cfgs)]` on by default

warning: unused import: `std::str::FromStr`
 --> crates/twerk-core/tests/mutation_kill_test.rs:2:5
  |
2 | use std::str::FromStr;
  |     ^^^^^^^^^^^^^^^^^
  |
  = note: `#[warn(unused_imports)]` (part of `#[warn(unused)]`) on by default

warning: function `rq_te_from_serde_json_error_NOT_IMPLEMENTED` should have a snake case name
   --> crates/twerk-core/tests/red_queen_trigger_error.rs:126:4
    |
126 | fn rq_te_from_serde_json_error_NOT_IMPLEMENTED() {
    |    ^^^^^^^^^^^^^^^^^^^^^^^^^^^^^^^^^^^^^^^^^^^ help: convert the identifier to snake case: `rq_te_from_serde_json_error_not_implemented`
    |
    = note: `#[warn(non_snake_case)]` (part of `#[warn(nonstandard_style)]`) on by default

warning: `twerk-core` (lib test) generated 1 warning
warning: `twerk-core` (test "mutation_kill_test") generated 1 warning (run `cargo fix --test "mutation_kill_test" -p twerk-core` to apply 1 suggestion)
warning: `twerk-core` (test "red_queen_trigger_error") generated 1 warning
warning: unused imports: `JobId`, `NodeId`, and `UserId`
   --> crates/twerk-infrastructure/src/datastore/inmemory.rs:440:26
    |
440 |     use twerk_core::id::{JobId, NodeId, RoleId, TaskId, UserId};
    |                          ^^^^^  ^^^^^^                  ^^^^^^
    |
    = note: `#[warn(unused_imports)]` (part of `#[warn(unused)]`) on by default

warning: `twerk-infrastructure` (lib test) generated 1 warning (run `cargo fix --lib -p twerk-infrastructure --tests` to apply 1 suggestion)
warning: unused import: `setup_logging`
  --> crates/twerk-cli/tests/bdd_behavioral_contract_test.rs:22:11
   |
22 |     cli::{setup_logging, DEFAULT_DATASTORE_TYPE, DEFAULT_ENDPOINT, VERSION},
   |           ^^^^^^^^^^^^^
   |
   = note: `#[warn(unused_imports)]` (part of `#[warn(unused)]`) on by default

warning: unused import: `super::*`
   --> crates/twerk-cli/tests/bdd_behavioral_contract_test.rs:255:9
    |
255 |     use super::*;
    |         ^^^^^^^^

warning: `twerk-cli` (test "bdd_behavioral_contract_test") generated 2 warnings (run `cargo fix --test "bdd_behavioral_contract_test" -p twerk-cli` to apply 2 suggestions)
    Finished `test` profile [unoptimized + debuginfo] target(s) in 0.21s
     Running unittests src/lib.rs (target/debug/deps/twerk_app-56e2103b42da0717)
     Running tests/auth_middleware_test.rs (target/debug/deps/auth_middleware_test-8c1b699a7b5fc410)
     Running tests/bdd_behavioral_contracts.rs (target/debug/deps/bdd_behavioral_contracts-62a1b94e85a14ce4)
     Running tests/benchmark_test.rs (target/debug/deps/benchmark_test-d8403f9fe3aebda7)
     Running tests/ci_cd_pipeline_simulation.rs (target/debug/deps/ci_cd_pipeline_simulation-c5f4058cd38c3aa1)
     Running tests/coordinator_adversarial_test.rs (target/debug/deps/coordinator_adversarial_test-b981ce6c7669bfa0)
     Running tests/coordinator_test.rs (target/debug/deps/coordinator_test-da61b93a971b1f6d)
     Running tests/e2e_load_test.rs (target/debug/deps/e2e_load_test-026b2f6480682334)
     Running tests/engine_lifecycle_test.rs (target/debug/deps/engine_lifecycle_test-85d42e942ecd44fc)
     Running tests/handlers_test.rs (target/debug/deps/handlers_test-5951ba256e2ebd78)
     Running tests/middleware_test.rs (target/debug/deps/middleware_test-71fc077280fbdd38)
     Running tests/pokemon_api_benchmark.rs (target/debug/deps/pokemon_api_benchmark-4b028b4d0e372aba)
     Running tests/profiling_bench.rs (target/debug/deps/profiling_bench-23c673dc4f56c58d)
     Running tests/realistic_profiling.rs (target/debug/deps/realistic_profiling-6114fddb9ed7f94c)
     Running tests/standalone_e2e_test.rs (target/debug/deps/standalone_e2e_test-20e1064712cc9435)
     Running tests/twerk_chaos_engineering_benchmark.rs (target/debug/deps/twerk_chaos_engineering_benchmark-157acbca1c0de8ac)
     Running tests/twerk_yaml_workflow_benchmark.rs (target/debug/deps/twerk_yaml_workflow_benchmark-8a0f14ed2e5ece1d)
     Running unittests src/lib.rs (target/debug/deps/twerk_cli-ec64a3ded8414ce7)
     Running unittests src/main.rs (target/debug/deps/twerk-2d66198ac2f21ad6)
     Running tests/bdd_behavior_report.rs (target/debug/deps/bdd_behavior_report-d7bfbb8f18762e10)
     Running tests/bdd_behavioral_contract_test.rs (target/debug/deps/bdd_behavioral_contract_test-24f40ac1cd1f3b4e)
     Running tests/e2e_cli_test.rs (target/debug/deps/e2e_cli_test-e2bb6c165d86a301)
     Running unittests src/lib.rs (target/debug/deps/twerk_common-1e8a18386d70bffc)
     Running unittests src/lib.rs (target/debug/deps/twerk_core-886fff7005b0e13d)
     Running tests/asl_adversarial_test.rs (target/debug/deps/asl_adversarial_test-2e30c5a8e905bc0b)
     Running tests/asl_container_test.rs (target/debug/deps/asl_container_test-75b7f6be0d28ca15)
     Running tests/asl_data_flow_test.rs (target/debug/deps/asl_data_flow_test-2b1c13057e3005fe)
     Running tests/asl_functions_test.rs (target/debug/deps/asl_functions_test-88daa400e548c54c)
     Running tests/asl_machine_test.rs (target/debug/deps/asl_machine_test-a1d1ee83ff99b22c)
     Running tests/asl_states_test.rs (target/debug/deps/asl_states_test-93b6ecb19f62c63b)
     Running tests/asl_transition_test.rs (target/debug/deps/asl_transition_test-e5cad43c0ae3c238)
     Running tests/asl_types_test.rs (target/debug/deps/asl_types_test-c1dbff6dce6ed6e6)
     Running tests/asl_validation_test.rs (target/debug/deps/asl_validation_test-3a1ac47e231bad40)
     Running tests/domain_roundtrip_test.rs (target/debug/deps/domain_roundtrip_test-8d8219ca3a19239d)
     Running tests/domain_verification_test.rs (target/debug/deps/domain_verification_test-78929f969619932a)
     Running tests/eval_test.rs (target/debug/deps/eval_test-92c92367e864b166)
     Running tests/mutation_kill_test.rs (target/debug/deps/mutation_kill_test-897776f7cb906c77)
     Running tests/red_queen_adversarial.rs (target/debug/deps/red_queen_adversarial-022cadb3d0ecc84f)
     Running tests/red_queen_deser_fix.rs (target/debug/deps/red_queen_deser_fix-fc15489f56042cd5)
     Running tests/red_queen_gen2.rs (target/debug/deps/red_queen_gen2-59ceae3a20765e23)
     Running tests/red_queen_gen3.rs (target/debug/deps/red_queen_gen3-4a5db49c12fdfaa5)
     Running tests/red_queen_gen4.rs (target/debug/deps/red_queen_gen4-76b86436d4a785b3)
     Running tests/red_queen_trigger_error.rs (target/debug/deps/red_queen_trigger_error-eb8ee6066a03266b)
     Running tests/trigger_registry_test.rs (target/debug/deps/trigger_registry_test-fee3f3ca2b56a371)
     Running tests/types_integration_test.rs (target/debug/deps/types_integration_test-05833db48fe8cc73)
     Running tests/validation_test.rs (target/debug/deps/validation_test-600ff8fa26c00b18)
     Running tests/webhook_test.rs (target/debug/deps/webhook_test-8cfe24039ed34c3f)
     Running tests/yaml_roundtrip_fidelity_test.rs (target/debug/deps/yaml_roundtrip_fidelity_test-8fa61f208c3f7859)
     Running unittests src/lib.rs (target/debug/deps/twerk_infrastructure-1d87a3354f1a984b)
     Running tests/cache_test.rs (target/debug/deps/cache_test-81df679ad83b21f6)
     Running tests/docker_cleanup_test.rs (target/debug/deps/docker_cleanup_test-f11de35a05229071)
     Running tests/postgres_test.rs (target/debug/deps/postgres_test-4342e9dc79dc8d11)
     Running tests/rabbitmq_isolation_test.rs (target/debug/deps/rabbitmq_isolation_test-d7e8bc6b07b361f6)
     Running tests/rabbitmq_test.rs (target/debug/deps/rabbitmq_test-945db854aa5de741)
     Running tests/runtime_test.rs (target/debug/deps/runtime_test-a870e47d789ad5a0)
     Running unittests src/main.rs (target/debug/deps/twerk_openapi_gen-f1b831b99246f755)
     Running unittests src/lib.rs (target/debug/deps/twerk_web-5569ac28e600a04e)
     Running unittests src/bin/openapi_gen.rs (target/debug/deps/openapi_gen-0d33a8a698dbaba8)
     Running tests/adversarial_trigger_update_test.rs (target/debug/deps/adversarial_trigger_update_test-a7fbff7027f3399e)
     Running tests/api_endpoints_test.rs (target/debug/deps/api_endpoints_test-509d4cc1b08e2dc5)
     Running tests/api_test.rs (target/debug/deps/api_test-f1b1a5fcc1fa0eb9)
     Running tests/batch_yaml_100_task_test.rs (target/debug/deps/batch_yaml_100_task_test-01f7eb390c28ac24)
     Running tests/comprehensive_api_test.rs (target/debug/deps/comprehensive_api_test-e83bb91976e4f1a0)
     Running tests/concurrent_isolation_test.rs (target/debug/deps/concurrent_isolation_test-05c73acb731e697b)
     Running tests/distributed_e2e_test.rs (target/debug/deps/distributed_e2e_test-bcdd2d1a34de1c44)
     Running tests/exhaustive_endpoint_matrix_test.rs (target/debug/deps/exhaustive_endpoint_matrix_test-e8275fc593126288)
     Running tests/monte_carlo_simulation.rs (target/debug/deps/monte_carlo_simulation-5dd6327a84df0ca4)
     Running tests/mutation_workload_bench.rs (target/debug/deps/mutation_workload_bench-f5169a16bc052d5f)
     Running tests/openapi_contract_test.rs (target/debug/deps/openapi_contract_test-949bd1da512ef5d7)
     Running tests/qa_12_step_test.rs (target/debug/deps/qa_12_step_test-1e4ffd00ff92e674)
     Running tests/redact_test.rs (target/debug/deps/redact_test-8a2ca2fab60560d5)
     Running tests/system_endpoints_hammer_test.rs (target/debug/deps/system_endpoints_hammer_test-fa273c3a375bd795)
     Running tests/trigger_update_adversarial_test.rs (target/debug/deps/trigger_update_adversarial_test-5489b1a9a931f067)
     Running tests/trigger_update_density_matrix_test.rs (target/debug/deps/trigger_update_density_matrix_test-7ea63fa29fc4d777)
     Running tests/trigger_update_integration_red_test.rs (target/debug/deps/trigger_update_integration_red_test-7c77126e64c34559)
error: test failed, to rerun pass `-p twerk-web --test trigger_update_integration_red_test`