Diff in /home/lewis/src/twerk/crates/twerk-web/tests/concurrent_isolation_test.rs:36:
     async fn new() -> anyhow::Result<Self> {
         let postgres = Postgres::default().with_tag("16-alpine").start().await?;
         let postgres_port = postgres.get_host_port_ipv4(5432).await?;
[31m-        let postgres_dsn = format!("postgres://postgres:postgres@127.0.0.1:{postgres_port}/postgres");
(B[m[32m+        let postgres_dsn =
(B[m[32m+            format!("postgres://postgres:postgres@127.0.0.1:{postgres_port}/postgres");
(B[m 
         // Initialize schema
         let datastore = PostgresDatastore::new(&postgres_dsn, Options::default()).await?;
Diff in /home/lewis/src/twerk/crates/twerk-web/tests/concurrent_isolation_test.rs:70:
 }
 
 impl EngineEnv {
[31m-    async fn new(
(B[m[31m-        infra: &SharedInfra,
(B[m[31m-        engine_id: &str,
(B[m[31m-        port: u16,
(B[m[31m-    ) -> anyhow::Result<Self> {
(B[m[32m+    async fn new(infra: &SharedInfra, engine_id: &str, port: u16) -> anyhow::Result<Self> {
(B[m         // Set env vars for THIS engine only
         std::env::set_var("TWERK_DATASTORE_TYPE", "postgres");
         std::env::set_var("TWERK_DATASTORE_POSTGRES_DSN", &infra.postgres_dsn);
Diff in /home/lewis/src/twerk/crates/twerk-web/tests/concurrent_isolation_test.rs:211:
 ) -> anyhow::Result<serde_json::Value> {
     let start = std::time::Instant::now();
     loop {
[31m-        let resp = client.get(format!("{base_url}/jobs/{job_id}")).send().await?;
(B[m[32m+        let resp = client
(B[m[32m+            .get(format!("{base_url}/jobs/{job_id}"))
(B[m[32m+            .send()
(B[m[32m+            .await?;
(B[m         let job: serde_json::Value = resp.json().await?;
         let state = job["state"].as_str().unwrap_or("UNKNOWN");
         if matches!(state, "COMPLETED" | "FAILED" | "CANCELLED") {
Diff in /home/lewis/src/twerk/crates/twerk-web/tests/concurrent_isolation_test.rs:257:
     // Submit jobs to each engine
     let mut job_ids = Vec::new();
     for (i, env) in envs.iter().enumerate() {
[31m-        let (status, body) =
(B[m[31m-            submit_job(&env.client, &env.base_url, &format!("job-{}", i)).await?;
(B[m[32m+        let (status, body) = submit_job(&env.client, &env.base_url, &format!("job-{}", i)).await?;
(B[m         assert_eq!(
             status,
             StatusCode::OK,
Diff in /home/lewis/src/twerk/crates/twerk-web/tests/concurrent_isolation_test.rs:273:
     let mut results = Vec::new();
     for (i, job_id) in job_ids {
         let env = &envs[i];
[31m-        let job = poll_job_until_terminal(
(B[m[31m-            &env.client,
(B[m[31m-            &env.base_url,
(B[m[31m-            &job_id,
(B[m[31m-            Duration::from_secs(60),
(B[m[31m-        )
(B[m[31m-        .await?;
(B[m[32m+        let job =
(B[m[32m+            poll_job_until_terminal(&env.client, &env.base_url, &job_id, Duration::from_secs(60))
(B[m[32m+                .await?;
(B[m         results.push((i, job["state"].as_str().unwrap().to_string()));
     }
 
Diff in /home/lewis/src/twerk/crates/twerk-web/tests/concurrent_isolation_test.rs:288:
         assert_eq!(
             state, "COMPLETED",
             "engine {} job state: {} (should be COMPLETED, indicating no cross-talk)",
[31m-            i,
(B[m[31m-            state
(B[m[32m+            i, state
(B[m         );
     }
 
Diff in /home/lewis/src/twerk/crates/twerk-web/tests/concurrent_isolation_test.rs:337:
 
     Ok(())
 }
[32m+
(B[m